[MERGE THREAD] Started
[REGISTRATION THREAD] Started
[IPDR THREAD] Started
[L1_LOADING THREAD] Started
[204][ALL THREAD] Started
=======================================================
CDR Log Monitor Starting...
CBS CDR Server : 192.168.61.202
MSC CDR Server : 192.168.61.204
Dashboard      : http://localhost:5013
=======================================================
 * Serving Flask app 'app'
 * Debug mode: on
[MERGE THREAD] Started
[REGISTRATION THREAD] Started
[IPDR THREAD] Started
[L1_LOADING THREAD] Started
[204][ALL THREAD] Started
=======================================================
CDR Log Monitor Starting...
CBS CDR Server : 192.168.61.202
MSC CDR Server : 192.168.61.204
Dashboard      : http://localhost:5013
=======================================================
[204][REGISTRATION] msc_nokia: 150 entries
[204][REGISTRATION] msc_huawei: 150 entries
[204][MERGE] msc_huawei: 150 entries
[204][L1] msc_nokia: 5 entries
[204][L1] msc_huawei: 50 entries
[204][COUNT] nokia={'main': 2, 'process': 22150, 'dump': 4702}  huawei={'main': 3, 'process': 112, 'merge': 1, 'dump': 811}
[204][ALL THREAD] Refresh complete
[204][REGISTRATION] msc_nokia: 150 entries
[204][REGISTRATION] msc_huawei: 150 entries
[204][MERGE] msc_huawei: 150 entries
[204][L1] msc_nokia: 5 entries
[204][L1] msc_huawei: 50 entries
[204][COUNT] nokia={'main': 2, 'process': 22150, 'dump': 4702}  huawei={'main': 141, 'process': 112, 'merge': 1, 'dump': 811}
[204][ALL THREAD] Refresh complete
[204][REGISTRATION] msc_nokia: 150 entries
[204][REGISTRATION] msc_huawei: 150 entries
[204][MERGE] msc_huawei: 150 entries
[204][L1] msc_nokia: 5 entries
[204][L1] msc_huawei: 50 entries
[204][COUNT] nokia={'main': 2, 'process': 22150, 'dump': 4702}  huawei={'main': 3, 'process': 250, 'merge': 1, 'dump': 811}
[204][ALL THREAD] Refresh complete
[204][REGISTRATION] msc_nokia: 150 entries
[204][REGISTRATION] msc_huawei: 150 entries
[204][MERGE] msc_huawei: 150 entries
[204][L1] msc_nokia: 5 entries
[204][L1] msc_huawei: 50 entries
[204][COUNT] nokia={'main': 2, 'process': 22150, 'dump': 4702}  huawei={'main': 123, 'process': 0, 'merge': 0, 'dump': 815}
[204][ALL THREAD] Refresh complete
[204][REGISTRATION] msc_nokia: 150 entries
[204][REGISTRATION] msc_huawei: 150 entries
[204][REGISTRATION] msc_nokia: 150 entries
[204][REGISTRATION] msc_huawei: 150 entries
[204][MERGE] msc_huawei: 150 entries
[204][L1] msc_nokia: 5 entries
[204][L1] msc_huawei: 50 entries
[204][COUNT] nokia={'main': 2, 'process': 22150, 'dump': 4702}  huawei={'main': 3, 'process': 112, 'merge': 1, 'dump': 811}
[204][ALL THREAD] Refresh complete
[204][REGISTRATION] msc_nokia: 150 entries
[204][REGISTRATION] msc_huawei: 150 entries
[204][MERGE] msc_huawei: 150 entries
[204][L1] msc_nokia: 5 entries
[204][L1] msc_huawei: 50 entries
[204][COUNT] nokia={'main': 2, 'process': 22150, 'dump': 4702}  huawei={'main': 141, 'process': 112, 'merge': 1, 'dump': 811}
[204][ALL THREAD] Refresh complete
[204][REGISTRATION] msc_nokia: 150 entries
[204][REGISTRATION] msc_huawei: 150 entries
[204][MERGE] msc_huawei: 150 entries
[204][L1] msc_nokia: 5 entries
[204][L1] msc_huawei: 50 entries
[204][COUNT] nokia={'main': 2, 'process': 22150, 'dump': 4702}  huawei={'main': 3, 'process': 250, 'merge': 1, 'dump': 811}
[204][ALL THREAD] Refresh complete
[204][REGISTRATION] msc_nokia: 150 entries
[204][REGISTRATION] msc_huawei: 150 entries
[204][MERGE] msc_huawei: 150 entries
[204][L1] msc_nokia: 5 entries
[204][L1] msc_huawei: 50 entries
[204][COUNT] nokia={'main': 2, 'process': 22150, 'dump': 4702}  huawei={'main': 123, 'process': 0, 'merge': 0, 'dump': 815}
[204][ALL THREAD] Refresh complete
